Level is NOT DEBUG. There will be no wait.
Trying to login. If you are NOT logged in, there will be a prompt
Authenticating with existing credentials...
Login Succeeded
Building image-upload-logic
Sending build context to Docker daemon  57.34kB
Step 1/9 : FROM node:15.14.0
 ---> d2850632b602
Step 2/9 : WORKDIR /app
 ---> Using cache
 ---> 85c96a00498c
Step 3/9 : COPY package.json /app/package.json
 ---> Using cache
 ---> ccd6eb575e49
Step 4/9 : RUN npm install --silent
 ---> Using cache
 ---> 286e9d039810
Step 5/9 : COPY . /app
 ---> Using cache
 ---> de89f2218246
Step 6/9 : RUN pwd
 ---> Using cache
 ---> fb76cdbbc766
Step 7/9 : RUN ls -lrt
 ---> Using cache
 ---> a85dca99ead0
Step 8/9 : EXPOSE 80
 ---> Using cache
 ---> 4b521155389b
Step 9/9 : CMD ["npm","start", "-g", "daemon off;"]
 ---> Using cache
 ---> a7c80ea633a5
Successfully built a7c80ea633a5
Successfully tagged piyush9090/image-upload-logic:latest
Pushing image-upload-logic
Using default tag: latest
The push refers to repository [docker.io/piyush9090/image-upload-logic]
b621b4291f1b: Preparing
4d95a26f0575: Preparing
3a28e0a6a69b: Preparing
8d77f3f9f2e3: Preparing
787c1f8d6fb0: Preparing
c5691ffc2a37: Preparing
9a90d11e5261: Preparing
33dd93485756: Preparing
607d71c12b77: Preparing
052174538f53: Preparing
8abfe7e7c816: Preparing
c8b886062a47: Preparing
16fc2e3ca032: Preparing
9a90d11e5261: Waiting
33dd93485756: Waiting
c5691ffc2a37: Waiting
16fc2e3ca032: Waiting
607d71c12b77: Waiting
052174538f53: Waiting
8abfe7e7c816: Waiting
3a28e0a6a69b: Layer already exists
787c1f8d6fb0: Layer already exists
8d77f3f9f2e3: Layer already exists
b621b4291f1b: Layer already exists
4d95a26f0575: Layer already exists
9a90d11e5261: Layer already exists
33dd93485756: Layer already exists
c5691ffc2a37: Layer already exists
c8b886062a47: Layer already exists
8abfe7e7c816: Layer already exists
16fc2e3ca032: Layer already exists
607d71c12b77: Layer already exists
052174538f53: Layer already exists
latest: digest: sha256:0f85e98eb3e371301891fe0fb1364fa3d98254c0c1c46cfb345e741fb31d8268 size: 3048
Running image-upload-logic
List of containers running now
CONTAINER ID   IMAGE                              COMMAND                  CREATED             STATUS                      PORTS                    NAMES
a6f7157c9460   piyush9090/crack-detection-logic   "/bin/sh -c 'python …"   About an hour ago   Created                                              zen_zhukovsky
9c7061502b7a   piyush9090/crack-detection-logic   "/bin/sh -c 'python …"   About an hour ago   Created                                              distracted_hofstadter
de351ace825b   328f003aa646                       "/bin/sh -c 'python …"   2 hours ago         Up 2 hours                  0.0.0.0:5050->5050/tcp   reverent_robinson
93a26384a3fb   37f2c665be7c                       "/bin/sh -c 'python …"   14 hours ago        Created                                              practical_roentgen
e6ebeeee8070   26d142a1ebeb                       "/bin/sh -c 'pip3 in…"   14 hours ago        Exited (2) 14 hours ago                              beautiful_northcutt
42409a77ad9a   e2a6dd69dea9                       "/bin/sh -c 'python …"   14 hours ago        Created                                              blissful_kilby
ade15ed68986   dde8aba9c7e7                       "/bin/sh -c 'python …"   14 hours ago        Created                                              vigorous_brown
42c3fcb498ed   b99390e3db98                       "/bin/sh -c 'python …"   14 hours ago        Created                                              jovial_thompson
7bc37e80bf68   9d09b762ed6f                       "/bin/sh -c 'pip3 in…"   15 hours ago        Exited (2) 15 hours ago                              dazzling_hofstadter
f60f1be19a1c   cab0df096178                       "/bin/sh -c 'python …"   15 hours ago        Created                                              boring_banzai
6606f5a0d532   f187ee80c9c6                       "/bin/sh -c 'python …"   15 hours ago        Created                                              clever_jang
1799dec172c8   b4127c9f86ac                       "/bin/sh -c 'python …"   15 hours ago        Created                                              eloquent_rubin
08b0adbfe739   7081b3083826                       "/bin/sh -c 'python …"   19 hours ago        Created                                              gallant_germain
f4fcb2354264   96f97400f74e                       "/bin/sh -c 'python …"   21 hours ago        Created                                              boring_volhard
69a04cf8ef92   a36163bfb6a1                       "/bin/sh -c 'python …"   21 hours ago        Exited (137) 13 hours ago                            festive_mccarthy
c0d038317458   0d4e3346a488                       "/bin/sh -c 'python …"   47 hours ago        Exited (137) 44 hours ago                            determined_heyrovsky
 The one we just started is : 
ERROR: image-upload is NOT running. :(  . Please Check logs/ImageUpload-logic.log
