Level is NOT DEBUG. There will be no wait.
Trying to login. If you are NOT logged in, there will be a prompt
Authenticating with existing credentials...
Login Succeeded
Building crack-detection-logic
Sending build context to Docker daemon   12.8MB
Step 1/9 : FROM python:3.8
 ---> f5041c8ae6b1
Step 2/9 : COPY . /app
 ---> Using cache
 ---> cbb124eb8e6c
Step 3/9 : WORKDIR /app
 ---> Using cache
 ---> bba001bf9150
Step 4/9 : RUN apt update -y
 ---> Using cache
 ---> a4d54c7c9076
Step 5/9 : RUN apt install -y libgl1-mesa-glx
 ---> Using cache
 ---> c7165dbcda19
Step 6/9 : RUN pip3 install opencv-python
 ---> Using cache
 ---> b63577f6ae2d
Step 7/9 : RUN pip3 install opencv-contrib-python
 ---> Using cache
 ---> 9956f192c88f
Step 8/9 : RUN pip install -r requirements.txt
 ---> Using cache
 ---> 9c2396950242
Step 9/9 : CMD python app.py runserver 0.0.0.0:5050
 ---> Using cache
 ---> 5b16ec0e03f2
Successfully built 5b16ec0e03f2
Successfully tagged piyush9090/crack-detection-logic:latest
Pushing crack-detection-logic
Using default tag: latest
The push refers to repository [docker.io/piyush9090/crack-detection-logic]
a8893501afd6: Preparing
85db2a70f291: Preparing
f370fc6b0993: Preparing
3fb8bdc66fb9: Preparing
fd719ddc9433: Preparing
20414950808e: Preparing
8bdee3f404a1: Preparing
e7f6ccee1295: Preparing
90864f0e5b9f: Preparing
59840d625c92: Preparing
da87e334550a: Preparing
c5f4367d4a59: Preparing
ceecb62b2fcc: Preparing
193bc1d68b80: Preparing
f0e10b20de19: Preparing
e7f6ccee1295: Waiting
20414950808e: Waiting
90864f0e5b9f: Waiting
59840d625c92: Waiting
8bdee3f404a1: Waiting
ceecb62b2fcc: Waiting
da87e334550a: Waiting
c5f4367d4a59: Waiting
f0e10b20de19: Waiting
193bc1d68b80: Waiting
f370fc6b0993: Layer already exists
85db2a70f291: Layer already exists
fd719ddc9433: Layer already exists
a8893501afd6: Layer already exists
3fb8bdc66fb9: Layer already exists
20414950808e: Layer already exists
8bdee3f404a1: Layer already exists
e7f6ccee1295: Layer already exists
90864f0e5b9f: Layer already exists
59840d625c92: Layer already exists
da87e334550a: Layer already exists
c5f4367d4a59: Layer already exists
ceecb62b2fcc: Layer already exists
193bc1d68b80: Layer already exists
f0e10b20de19: Layer already exists
latest: digest: sha256:4048c56b409ae80e24e7dab292d3b4d7c8269deff103024f68da81166ebc921e size: 3491
Running crack-detection-logic
cee7de3de13af5db3e5f6aac1bc53a413fd220122b120a465ea943fd71c5c344
List of containers running now
CONTAINER ID   IMAGE                              COMMAND                  CREATED             STATUS                      PORTS                    NAMES
cee7de3de13a   piyush9090/crack-detection-logic   "/bin/sh -c 'python …"   5 seconds ago       Created                                              vibrant_faraday
a6f7157c9460   piyush9090/crack-detection-logic   "/bin/sh -c 'python …"   About an hour ago   Created                                              zen_zhukovsky
9c7061502b7a   piyush9090/crack-detection-logic   "/bin/sh -c 'python …"   About an hour ago   Created                                              distracted_hofstadter
de351ace825b   328f003aa646                       "/bin/sh -c 'python …"   2 hours ago         Up 2 hours                  0.0.0.0:5050->5050/tcp   reverent_robinson
93a26384a3fb   37f2c665be7c                       "/bin/sh -c 'python …"   14 hours ago        Created                                              practical_roentgen
e6ebeeee8070   26d142a1ebeb                       "/bin/sh -c 'pip3 in…"   14 hours ago        Exited (2) 14 hours ago                              beautiful_northcutt
42409a77ad9a   e2a6dd69dea9                       "/bin/sh -c 'python …"   14 hours ago        Created                                              blissful_kilby
ade15ed68986   dde8aba9c7e7                       "/bin/sh -c 'python …"   14 hours ago        Created                                              vigorous_brown
42c3fcb498ed   b99390e3db98                       "/bin/sh -c 'python …"   15 hours ago        Created                                              jovial_thompson
7bc37e80bf68   9d09b762ed6f                       "/bin/sh -c 'pip3 in…"   15 hours ago        Exited (2) 15 hours ago                              dazzling_hofstadter
f60f1be19a1c   cab0df096178                       "/bin/sh -c 'python …"   15 hours ago        Created                                              boring_banzai
6606f5a0d532   f187ee80c9c6                       "/bin/sh -c 'python …"   15 hours ago        Created                                              clever_jang
1799dec172c8   b4127c9f86ac                       "/bin/sh -c 'python …"   15 hours ago        Created                                              eloquent_rubin
08b0adbfe739   7081b3083826                       "/bin/sh -c 'python …"   19 hours ago        Created                                              gallant_germain
f4fcb2354264   96f97400f74e                       "/bin/sh -c 'python …"   21 hours ago        Created                                              boring_volhard
69a04cf8ef92   a36163bfb6a1                       "/bin/sh -c 'python …"   21 hours ago        Exited (137) 13 hours ago                            festive_mccarthy
c0d038317458   0d4e3346a488                       "/bin/sh -c 'python …"   47 hours ago        Exited (137) 45 hours ago                            determined_heyrovsky
 The one we just started is : 
ERROR: crack-detection is NOT running. :(  . Please Check logs/CrackDetection-logic.log
